=== Suite started at 2024-03-11 04:46:07
=== Starting test, 3 test cases
=cases         3
=user          dmytro
=host          b08-dit-200584
=hosts         b08-dit-200584 
=emulator_vsn  11.2.2.18
=emulator      beam
=otp_release   23
=started       2024-03-11 04:46:07
=case          ct_framework:init_per_suite
=logfile       ct_framework.init_per_suite.html
=group_props   [{suite,cache_app_SUITE}]
=started       2024-03-11 04:46:07
=ended         2024-03-11 04:46:07
=result        ok
=elapsed       0.0
=case          cache_app_SUITE:test_create_table
=logfile       cache_app_suite.test_create_table.html
=started       2024-03-11 04:46:07
=ended         2024-03-11 04:46:07
=result        failed: {noproc,
                           {gen_server,call,
                               [cache_srv,{create,"test_table"}]}}, [{gen_server,
                                                                      call,
                                                                      238},
                                                                     {cache_app_SUITE,
                                                                      test_create_table,
                                                                      24},
                                                                     {test_server,
                                                                      ts_tc,
                                                                      1784},
                                                                     {test_server,
                                                                      run_test_case_eval1,
                                                                      1293},
                                                                     {test_server,
                                                                      run_test_case_eval,
                                                                      1225}]
=== *** FAILED test case 1 of 3 ***
=case          cache_app_SUITE:test_insert_lookup
=logfile       cache_app_suite.test_insert_lookup.html
=started       2024-03-11 04:46:07
=ended         2024-03-11 04:46:07
=result        failed: {noproc,
                           {gen_server,call,
                               [cache_srv,{create,"test_table"}]}}, [{gen_server,
                                                                      call,
                                                                      238},
                                                                     {cache_app_SUITE,
                                                                      test_insert_lookup,
                                                                      29},
                                                                     {test_server,
                                                                      ts_tc,
                                                                      1784},
                                                                     {test_server,
                                                                      run_test_case_eval1,
                                                                      1293},
                                                                     {test_server,
                                                                      run_test_case_eval,
                                                                      1225}]
=== *** FAILED test case 2 of 3 ***
=case          cache_app_SUITE:test_ttl
=logfile       cache_app_suite.test_ttl.html
=started       2024-03-11 04:46:07
=ended         2024-03-11 04:46:08
=result        failed: {noproc,
                           {gen_server,call,
                               [cache_srv,{create,"test_table"}]}}, [{gen_server,
                                                                      call,
                                                                      238},
                                                                     {cache_app_SUITE,
                                                                      test_ttl,
                                                                      34},
                                                                     {test_server,
                                                                      ts_tc,
                                                                      1784},
                                                                     {test_server,
                                                                      run_test_case_eval1,
                                                                      1293},
                                                                     {test_server,
                                                                      run_test_case_eval,
                                                                      1225}]
=== *** FAILED test case 3 of 3 ***
=case          ct_framework:end_per_suite
=logfile       ct_framework.end_per_suite.html
=group_props   [{suite,cache_app_SUITE}]
=started       2024-03-11 04:46:08
=ended         2024-03-11 04:46:08
=result        ok
=elapsed       0.0
=group_time    0.237s
=== TEST COMPLETE, 0 ok, 3 failed of 3 test cases

=finished      2024-03-11 04:46:08
=failed        3
=successful    0
=user_skipped  0
=auto_skipped  0
