=== Suite started at 2024-03-11 04:49:36
=== Starting test, 3 test cases
=cases         3
=user          dmytro
=host          b08-dit-200584
=hosts         b08-dit-200584 
=emulator_vsn  11.2.2.18
=emulator      beam
=otp_release   23
=started       2024-03-11 04:49:36
=case          ct_framework:init_per_suite
=logfile       ct_framework.init_per_suite.html
=group_props   [{suite,cache_app_SUITE}]
=started       2024-03-11 04:49:36
=ended         2024-03-11 04:49:36
=result        ok
=elapsed       0.0
=case          cache_app_SUITE:test_create_table
=logfile       cache_app_suite.test_create_table.html
=started       2024-03-11 04:49:36
=ended         2024-03-11 04:49:36
=result        failed: {{badarg,
                            [{ets,new,
                                 ["test_table",[named_table,set,private]],
                                 []},
                             {cache_srv,handle_call,3,
                                 [{file,"src/cache_srv.erl"},{line,47}]},
                             {gen_server,try_handle_call,4,
                                 [{file,"gen_server.erl"},{line,715}]},
                             {gen_server,handle_msg,6,
                                 [{file,"gen_server.erl"},{line,744}]},
                             {proc_lib,init_p_do_apply,3,
                                 [{file,"proc_lib.erl"},{line,226}]}]},
                        {gen_server,call,[cache_srv,{create,"test_table"}]}}, [{gen_server,
                                                                                call,
                                                                                238},
                                                                               {cache_app_SUITE,
                                                                                test_create_table,
                                                                                25},
                                                                               {test_server,
                                                                                ts_tc,
                                                                                1784},
                                                                               {test_server,
                                                                                run_test_case_eval1,
                                                                                1293},
                                                                               {test_server,
                                                                                run_test_case_eval,
                                                                                1225}]
=== *** FAILED test case 1 of 3 ***
=case          cache_app_SUITE:test_insert_lookup
=logfile       cache_app_suite.test_insert_lookup.html
=started       2024-03-11 04:49:36
=ended         2024-03-11 04:49:36
=result        failed: {{badarg,
                            [{ets,new,
                                 ["test_table",[named_table,set,private]],
                                 []},
                             {cache_srv,handle_call,3,
                                 [{file,"src/cache_srv.erl"},{line,47}]},
                             {gen_server,try_handle_call,4,
                                 [{file,"gen_server.erl"},{line,715}]},
                             {gen_server,handle_msg,6,
                                 [{file,"gen_server.erl"},{line,744}]},
                             {proc_lib,init_p_do_apply,3,
                                 [{file,"proc_lib.erl"},{line,226}]}]},
                        {gen_server,call,[cache_srv,{create,"test_table"}]}}, [{gen_server,
                                                                                call,
                                                                                238},
                                                                               {cache_app_SUITE,
                                                                                test_insert_lookup,
                                                                                30},
                                                                               {test_server,
                                                                                ts_tc,
                                                                                1784},
                                                                               {test_server,
                                                                                run_test_case_eval1,
                                                                                1293},
                                                                               {test_server,
                                                                                run_test_case_eval,
                                                                                1225}]
=== *** FAILED test case 2 of 3 ***
=case          cache_app_SUITE:test_ttl
=logfile       cache_app_suite.test_ttl.html
=started       2024-03-11 04:49:36
=ended         2024-03-11 04:49:36
=result        failed: {{badarg,
                            [{ets,new,
                                 ["test_table",[named_table,set,private]],
                                 []},
                             {cache_srv,handle_call,3,
                                 [{file,"src/cache_srv.erl"},{line,47}]},
                             {gen_server,try_handle_call,4,
                                 [{file,"gen_server.erl"},{line,715}]},
                             {gen_server,handle_msg,6,
                                 [{file,"gen_server.erl"},{line,744}]},
                             {proc_lib,init_p_do_apply,3,
                                 [{file,"proc_lib.erl"},{line,226}]}]},
                        {gen_server,call,[cache_srv,{create,"test_table"}]}}, [{gen_server,
                                                                                call,
                                                                                238},
                                                                               {cache_app_SUITE,
                                                                                test_ttl,
                                                                                35},
                                                                               {test_server,
                                                                                ts_tc,
                                                                                1784},
                                                                               {test_server,
                                                                                run_test_case_eval1,
                                                                                1293},
                                                                               {test_server,
                                                                                run_test_case_eval,
                                                                                1225}]
=== *** FAILED test case 3 of 3 ***
=case          ct_framework:end_per_suite
=logfile       ct_framework.end_per_suite.html
=group_props   [{suite,cache_app_SUITE}]
=started       2024-03-11 04:49:36
=ended         2024-03-11 04:49:36
=result        ok
=elapsed       0.0
=group_time    0.144s
=== TEST COMPLETE, 0 ok, 3 failed of 3 test cases

=finished      2024-03-11 04:49:36
=failed        3
=successful    0
=user_skipped  0
=auto_skipped  0
